INFO: [VRFC 10-2263] Analyzing Verilog file "C:/Users/53456/OneDrive/Documents/VivadoProject/SEA-master/SEA/project_5.ip_user_files/bd/design_1/sim/design_1.v" into library xil_defaultlib
INFO: [VRFC 10-311] analyzing module design_1
INFO: [VRFC 10-2263] Analyzing Verilog file "C:/Users/53456/OneDrive/Documents/VivadoProject/SEA-master/SEA/project_5.ip_user_files/bd/design_1/ipshared/0809/IO_reg.v" into library xil_defaultlib
INFO: [VRFC 10-311] analyzing module IO_reg
INFO: [VRFC 10-2263] Analyzing Verilog file "C:/Users/53456/OneDrive/Documents/VivadoProject/SEA-master/SEA/project_5.ip_user_files/bd/design_1/ipshared/0809/alu.v" into library xil_defaultlib
INFO: [VRFC 10-311] analyzing module alu
INFO: [VRFC 10-2263] Analyzing Verilog file "C:/Users/53456/OneDrive/Documents/VivadoProject/SEA-master/SEA/project_5.ip_user_files/bd/design_1/ipshared/0809/decoder.v" into library xil_defaultlib
INFO: [VRFC 10-311] analyzing module decoder
INFO: [VRFC 10-2263] Analyzing Verilog file "C:/Users/53456/OneDrive/Documents/VivadoProject/SEA-master/SEA/project_5.ip_user_files/bd/design_1/ipshared/0809/distribute.v" into library xil_defaultlib
INFO: [VRFC 10-311] analyzing module distribute
INFO: [VRFC 10-2263] Analyzing Verilog file "C:/Users/53456/OneDrive/Documents/VivadoProject/SEA-master/SEA/project_5.ip_user_files/bd/design_1/ipshared/0809/timer.v" into library xil_defaultlib
INFO: [VRFC 10-311] analyzing module timer
INFO: [VRFC 10-2263] Analyzing Verilog file "C:/Users/53456/OneDrive/Documents/VivadoProject/SEA-master/SEA/project_5.ip_user_files/bd/design_1/ipshared/0809/pic16c56.v" into library xil_defaultlib
INFO: [VRFC 10-311] analyzing module pic16c56
INFO: [VRFC 10-2263] Analyzing Verilog file "C:/Users/53456/OneDrive/Documents/VivadoProject/SEA-master/SEA/project_5.ip_user_files/bd/design_1/ip/design_1_pic16c56_1_0/sim/design_1_pic16c56_1_0.v" into library xil_defaultlib
INFO: [VRFC 10-311] analyzing module design_1_pic16c56_1_0
INFO: [VRFC 10-2263] Analyzing Verilog file "C:/Users/53456/OneDrive/Documents/VivadoProject/SEA-master/SEA/project_5.ip_user_files/bd/design_1/ip/design_1_dist_mem_gen_1_0/sim/design_1_dist_mem_gen_1_0.v" into library xil_defaultlib
INFO: [VRFC 10-311] analyzing module design_1_dist_mem_gen_1_0
INFO: [VRFC 10-2263] Analyzing Verilog file "C:/Users/53456/OneDrive/Documents/VivadoProject/SEA-master/SEA/project_5.srcs/sources_1/bd/design_1/hdl/design_1_wrapper.v" into library xil_defaultlib
INFO: [VRFC 10-311] analyzing module design_1_wrapper
INFO: [VRFC 10-2263] Analyzing Verilog file "C:/Users/53456/OneDrive/Documents/VivadoProject/SEA-master/SEA/time1.v" into library xil_defaultlib
INFO: [VRFC 10-311] analyzing module time1
INFO: [VRFC 10-2263] Analyzing Verilog file "C:/Users/53456/OneDrive/Documents/VivadoProject/SEA-master/SEA/project_5.srcs/sources_1/new/top.v" into library xil_defaultlib
INFO: [VRFC 10-311] analyzing module top
INFO: [VRFC 10-2263] Analyzing Verilog file "C:/Users/53456/OneDrive/Documents/VivadoProject/SEA-master/SEA/project_5.srcs/sim_1/new/cputb.v" into library xil_defaultlib
INFO: [VRFC 10-311] analyzing module cputb
