#-----------------------------------------------------------
# Vivado v2018.3 (64-bit)
# SW Build 2405991 on Thu Dec  6 23:38:27 MST 2018
# IP Build 2404404 on Fri Dec  7 01:43:56 MST 2018
# Start of session at: Thu Jul 30 20:53:12 2020
# Process ID: 16868
# Current directory: F:/FPGA/sea_azpr-master/sea_azpr-master/hw/project/vivado201802
# Command line: vivado.exe -gui_launcher_event rodinguilauncherevent16156 F:\FPGA\sea_azpr-master\sea_azpr-master\hw\project\vivado201802\vivado201802.xpr
# Log file: F:/FPGA/sea_azpr-master/sea_azpr-master/hw/project/vivado201802/vivado.log
# Journal file: F:/FPGA/sea_azpr-master/sea_azpr-master/hw/project/vivado201802\vivado.jou
#-----------------------------------------------------------
start_gui
open_project F:/FPGA/sea_azpr-master/sea_azpr-master/hw/project/vivado201802/vivado201802.xpr
Scanning sources...
Finished scanning sources
INFO: [IP_Flow 19-234] Refreshing IP repositories
INFO: [IP_Flow 19-1704] No user IP repositories specified
INFO: [IP_Flow 19-2313] Loaded Vivado IP repository 'F:/Xilinx/Vivado/2018.3/data/ip'.
open_project: Time (s): cpu = 00:00:46 ; elapsed = 00:00:41 . Memory (MB): peak = 755.313 ; gain = 152.633
update_compile_order -fileset sources_1
